<?xml version="1.0" encoding="UTF-8"?>
<!-- Generated by org.testng.reporters.JUnitReportReporter -->
<testsuite hostname="Freds-Air.home" failures="0" tests="1" name="test.NewTest" time="38.551" errors="0" timestamp="2024-02-23T09:57:31 EST" skipped="0">
  <testcase classname="test.NewTest" name="f" time="38.551"/>
  <system-out/>
</testsuite> <!-- test.NewTest -->
