<?xml version="1.0" encoding="UTF-8"?>
<!-- Generated by org.testng.reporters.JUnitReportReporter -->
<testsuite hostname="Freds-Air.home" failures="0" tests="1" name="test.NewTest3" time="22.005" errors="0" timestamp="2024-02-23T16:08:32 EST" skipped="0">
  <testcase classname="test.NewTest3" name="f" time="22.005"/>
  <system-out/>
</testsuite> <!-- test.NewTest3 -->
