<?xml version="1.0" encoding="UTF-8"?>
<!-- Generated by org.testng.reporters.JUnitReportReporter -->
<testsuite hostname="Freds-Air.home" failures="0" tests="1" name="test.NewTest2" time="5.032" errors="0" timestamp="2024-02-23T16:08:32 EST" skipped="0">
  <testcase classname="test.NewTest2" name="f" time="5.032"/>
  <system-out/>
</testsuite> <!-- test.NewTest2 -->
