<?xml version="1.0" encoding="UTF-8"?>
<!-- Generated by org.testng.reporters.JUnitReportReporter -->
<testsuite hostname="Freds-Air.home" failures="0" tests="1" name="test.NewTest4" time="11.242" errors="0" timestamp="2024-02-23T16:08:32 EST" skipped="0">
  <testcase classname="test.NewTest4" name="f" time="11.242"/>
  <system-out/>
</testsuite> <!-- test.NewTest4 -->
