<?xml version="1.0" encoding="UTF-8"?>
<!-- Generated by org.testng.reporters.JUnitReportReporter -->
<testsuite hostname="Freds-Air.home" failures="0" tests="1" name="test.NewTest4" time="9.570" errors="0" timestamp="2024-02-27T09:42:53 EST" skipped="0">
  <testcase classname="test.NewTest4" name="f" time="9.570"/>
</testsuite> <!-- test.NewTest4 -->
