<?xml version="1.0" encoding="UTF-8"?>
<!-- Generated by org.testng.reporters.JUnitReportReporter -->
<testsuite hostname="Freds-Air.home" failures="0" tests="1" name="test.NewTest1" time="41.106" errors="0" timestamp="2024-02-24T15:13:34 EST" skipped="0">
  <testcase classname="test.NewTest1" name="f" time="41.106"/>
</testsuite> <!-- test.NewTest1 -->
