<?xml version="1.0" encoding="UTF-8"?>
<!-- Generated by org.testng.reporters.JUnitReportReporter -->
<testsuite hostname="Freds-Air.home" failures="0" tests="1" name="test.NewTest4" time="12.295" errors="0" timestamp="2024-02-24T15:13:34 EST" skipped="0">
  <testcase classname="test.NewTest4" name="f" time="12.295"/>
</testsuite> <!-- test.NewTest4 -->
