<?xml version="1.0" encoding="UTF-8"?>
<!-- Generated by org.testng.reporters.JUnitReportReporter -->
<testsuite hostname="Freds-Air.home" failures="0" tests="1" name="test.NewTest1" time="38.725" errors="0" timestamp="2024-02-27T09:42:53 EST" skipped="0">
  <testcase classname="test.NewTest1" name="f" time="38.725"/>
</testsuite> <!-- test.NewTest1 -->
